使用设备: cuda
正在加载模型权重: cow_model_final_trained50.pth
模型权重加载成功。
评估加载模型的初始性能...
加载模型初始验证 loss: 0.9144  acc: 0.8487
Epoch 1/50
训练 loss: 0.0944  acc: 0.9733
验证 loss: 0.9792  acc: 0.8403
Epoch 2/50
训练 loss: 0.0972  acc: 0.9712
验证 loss: 1.0111  acc: 0.8319
Epoch 3/50
训练 loss: 0.0906  acc: 0.9736
验证 loss: 1.0042  acc: 0.8403
Epoch 4/50
训练 loss: 0.0904  acc: 0.9734
验证 loss: 0.9818  acc: 0.8235
Epoch 5/50
训练 loss: 0.0920  acc: 0.9721
验证 loss: 0.9769  acc: 0.8235
Epoch 6/50
训练 loss: 0.0868  acc: 0.9733
验证 loss: 0.9322  acc: 0.8403
Epoch 7/50
训练 loss: 0.0831  acc: 0.9737
验证 loss: 0.9925  acc: 0.8403
Epoch 8/50
训练 loss: 0.0863  acc: 0.9731
验证 loss: 0.9644  acc: 0.8319
Epoch 9/50
训练 loss: 0.0799  acc: 0.9742
验证 loss: 0.9279  acc: 0.8319
Epoch 10/50
训练 loss: 0.0825  acc: 0.9737
验证 loss: 0.9574  acc: 0.8319
Epoch 11/50
训练 loss: 0.0852  acc: 0.9733
验证 loss: 0.9222  acc: 0.8235
Epoch 12/50
训练 loss: 0.0809  acc: 0.9739
验证 loss: 0.9144  acc: 0.8403
--- 发现更优模型 (验证 loss: 0.9144, acc: 0.8403)，已更新最佳权重。---
Epoch 13/50
训练 loss: 0.0773  acc: 0.9755
验证 loss: 0.8903  acc: 0.8403
--- 发现更优模型 (验证 loss: 0.8903, acc: 0.8403)，已更新最佳权重。---
Epoch 14/50
训练 loss: 0.0760  acc: 0.9744
验证 loss: 0.9070  acc: 0.8403
Epoch 15/50
训练 loss: 0.0751  acc: 0.9764
验证 loss: 0.9275  acc: 0.8403
Epoch 16/50
训练 loss: 0.0720  acc: 0.9760
验证 loss: 0.8814  acc: 0.8487
--- 发现更优模型 (验证 loss: 0.8814, acc: 0.8487)，已更新最佳权重。---
Epoch 17/50
训练 loss: 0.0819  acc: 0.9736
验证 loss: 0.8663  acc: 0.8487
--- 发现更优模型 (验证 loss: 0.8663, acc: 0.8487)，已更新最佳权重。---
Epoch 18/50
训练 loss: 0.0785  acc: 0.9747
验证 loss: 0.8948  acc: 0.8319
Epoch 19/50
训练 loss: 0.0788  acc: 0.9756
验证 loss: 0.8743  acc: 0.8403
Epoch 20/50
训练 loss: 0.0729  acc: 0.9754
验证 loss: 0.8703  acc: 0.8487
Epoch 21/50
训练 loss: 0.0705  acc: 0.9761
验证 loss: 0.8983  acc: 0.8655
Epoch 22/50
训练 loss: 0.0774  acc: 0.9757
验证 loss: 0.8917  acc: 0.8487
Epoch 23/50
训练 loss: 0.0821  acc: 0.9736
验证 loss: 0.8816  acc: 0.8403
Epoch 24/50
训练 loss: 0.0728  acc: 0.9745
验证 loss: 0.8637  acc: 0.8403
--- 发现更优模型 (验证 loss: 0.8637, acc: 0.8403)，已更新最佳权重。---
Epoch 25/50
训练 loss: 0.0720  acc: 0.9750
验证 loss: 0.8684  acc: 0.8403
Epoch 26/50
训练 loss: 0.0710  acc: 0.9766
验证 loss: 0.8818  acc: 0.8487
Epoch 27/50
训练 loss: 0.0771  acc: 0.9748
验证 loss: 0.8803  acc: 0.8403
Epoch 28/50
训练 loss: 0.0699  acc: 0.9769
验证 loss: 0.8815  acc: 0.8403
Epoch 29/50
训练 loss: 0.0735  acc: 0.9760
验证 loss: 0.8944  acc: 0.8403
Epoch 30/50
训练 loss: 0.0692  acc: 0.9777
验证 loss: 0.8681  acc: 0.8319
Epoch 31/50
训练 loss: 0.0855  acc: 0.9724
验证 loss: 0.9003  acc: 0.8403
Epoch 32/50
训练 loss: 0.0666  acc: 0.9788
验证 loss: 0.9028  acc: 0.8487
Epoch 33/50
训练 loss: 0.0811  acc: 0.9733
验证 loss: 0.8887  acc: 0.8319
Epoch 34/50
训练 loss: 0.0716  acc: 0.9767
验证 loss: 0.8856  acc: 0.8487
Epoch 35/50
训练 loss: 0.0790  acc: 0.9754
验证 loss: 0.8886  acc: 0.8403
Epoch 36/50
训练 loss: 0.0806  acc: 0.9740
验证 loss: 0.8826  acc: 0.8319
Epoch 37/50
训练 loss: 0.0694  acc: 0.9750
验证 loss: 0.8670  acc: 0.8235
Epoch 38/50
训练 loss: 0.0736  acc: 0.9752
验证 loss: 0.8750  acc: 0.8319
Epoch 39/50
训练 loss: 0.0761  acc: 0.9737
验证 loss: 0.8739  acc: 0.8403
Epoch 40/50
训练 loss: 0.0696  acc: 0.9768
验证 loss: 0.8827  acc: 0.8403
Epoch 41/50
训练 loss: 0.0722  acc: 0.9751
验证 loss: 0.8703  acc: 0.8487
Epoch 42/50
训练 loss: 0.0769  acc: 0.9748
验证 loss: 0.8704  acc: 0.8319
Epoch 43/50
训练 loss: 0.0719  acc: 0.9757
验证 loss: 0.8950  acc: 0.8319
Epoch 44/50
训练 loss: 0.0725  acc: 0.9748
验证 loss: 0.8751  acc: 0.8403
Epoch 45/50
训练 loss: 0.0700  acc: 0.9763
验证 loss: 0.8521  acc: 0.8403
--- 发现更优模型 (验证 loss: 0.8521, acc: 0.8403)，已更新最佳权重。---
Epoch 46/50
训练 loss: 0.0711  acc: 0.9772
验证 loss: 0.8856  acc: 0.8403
Epoch 47/50
训练 loss: 0.0787  acc: 0.9736
验证 loss: 0.8784  acc: 0.8235
Epoch 48/50
训练 loss: 0.0759  acc: 0.9757
验证 loss: 0.8629  acc: 0.8319
Epoch 49/50
训练 loss: 0.0710  acc: 0.9760
验证 loss: 0.8637  acc: 0.8319
Epoch 50/50
训练 loss: 0.0796  acc: 0.9734
验证 loss: 0.8783  acc: 0.8403

训练完成。在验证集上观察到的最佳 loss: 0.8521, 对应的最佳准确率: 0.8403
最佳模型已保存到 cow_model_final_trained50.pth
